<?xml version="1.0" encoding="UTF-8"?>
<!-- Generated by org.testng.reporters.JUnitReportReporter -->
<testsuite hostname="DESKTOP-089NAN2" name="com.nestready.nestreadypages.TestLogin" tests="1" failures="0" timestamp="28 Feb 2018 20:15:48 GMT" time="9.802" errors="0">
  <testcase name="buyer1" time="9.802" classname="com.nestready.nestreadypages.TestLogin"/>
</testsuite> <!-- com.nestready.nestreadypages.TestLogin -->
